[2026-05-12T01:32:50Z] === ENRICH ITERATION 3 START | repo=pydantic/pydantic sha=cf67d4b3 ===
[2026-05-12T01:32:50Z] [iter=3] PHASE START: enrich repo=pydantic/pydantic sha=cf67d4b3 runlog=/home/runner/work/forx/forx/storage/aggregate/lsp/logs/cf67d4b3-enrich-iter-003.log output=/home/runner/work/forx/forx/storage/aggregate/lsp/cf67d4b3193c3fe43ede18612ed62785eee11382.nq.gz
[2026-05-12T01:32:55Z] [iter=3] Step 1: Loading AST into disk-backed store mem_mb=79 MB
[2026-05-12T01:34:07Z] [iter=3] AST store loaded triples=7280594 load_secs=69 mem_mb=1037 MB
[2026-05-12T01:34:07Z] [iter=3] Step 2: Finding LSP targets mem_mb=1037 MB
[2026-05-12T01:34:18Z] [iter=3] LSP targets found call_sites=47109 imports=3281 extends=3209 implements=151 secs=12
[2026-05-12T01:34:24Z] [iter=3] Loaded checkpoint partial graph triples=129513
[2026-05-12T01:34:34Z] [iter=3] Step 2.7: Building position index (one-shot, shared across resolvers) mem_mb=1037 MB
[2026-05-12T01:35:18Z] [iter=3] Position index built positions=493503 nodes_with_types=640370 secs=44 mem_mb=1596 MB
[2026-05-12T01:35:18Z] [iter=3] Step 3: Starting LSP resolution mem_mb=1596 MB already_completed_types=[] already_completed_files=79
[2026-05-12T01:35:18Z] [iter=3] Resolving target type target_type=call_site count=47109
[2026-05-12T01:35:19Z] [iter=3] HEARTBEAT target_type=call_site elapsed_min=2.5 files_done=0 resolved=0 errors=0 current=tests/test_deprecated.py
[2026-05-12T01:39:43Z] [iter=3] HEARTBEAT target_type=call_site elapsed_min=6.9 files_done=1 resolved=8 errors=111 current=tests/mypy/modules/plugin_success.py
[2026-05-12T01:41:56Z] [iter=3] HEARTBEAT target_type=call_site elapsed_min=9.1 files_done=2 resolved=28 errors=167 current=pydantic/v1/mypy.py
[2026-05-12T01:46:15Z] [iter=3] HEARTBEAT target_type=call_site elapsed_min=13.4 files_done=3 resolved=99 errors=276 current=pydantic/v1/networks.py
[2026-05-12T01:49:23Z] [iter=3] HEARTBEAT target_type=call_site elapsed_min=16.6 files_done=4 resolved=135 errors=355 current=pydantic-core/tests/serializers/test_generator.py
[2026-05-12T01:51:50Z] [iter=3] HEARTBEAT target_type=call_site elapsed_min=19.0 files_done=5 resolved=186 errors=417 current=tests/test_structural_pattern_matching.py
[2026-05-12T01:52:40Z] [iter=3] HEARTBEAT target_type=call_site elapsed_min=19.8 files_done=7 resolved=202 errors=438 current=tests/test_construction.py
[2026-05-12T01:58:26Z] [iter=3] HEARTBEAT target_type=call_site elapsed_min=25.6 files_done=8 resolved=250 errors=584 current=pydantic-core/tests/validators/test_date.py
[2026-05-12T02:01:30Z] [iter=3] HEARTBEAT target_type=call_site elapsed_min=28.7 files_done=9 resolved=303 errors=661 current=pydantic/v1/utils.py
[2026-05-12T02:04:54Z] [iter=3] HEARTBEAT target_type=call_site elapsed_min=32.1 files_done=10 resolved=382 errors=747 current=pydantic-core/tests/serializers/test_enum.py
[2026-05-12T02:06:05Z] [iter=3] HEARTBEAT target_type=call_site elapsed_min=33.3 files_done=11 resolved=401 errors=777 current=pydantic/v1/schema.py
[2026-05-12T02:12:28Z] [iter=3] HEARTBEAT target_type=call_site elapsed_min=39.6 files_done=12 resolved=502 errors=938 current=pydantic-core/tests/validators/test_model_init.py
[2026-05-12T02:14:26Z] [iter=3] HEARTBEAT target_type=call_site elapsed_min=41.6 files_done=13 resolved=622 errors=988 current=pydantic/v1/typing.py
[2026-05-12T02:16:25Z] [iter=3] HEARTBEAT target_type=call_site elapsed_min=43.6 files_done=14 resolved=687 errors=1038 current=tests/test_plugins.py
[2026-05-12T02:20:34Z] [iter=3] HEARTBEAT target_type=call_site elapsed_min=47.7 files_done=15 resolved=701 errors=1143 current=pydantic/v1/env_settings.py
[2026-05-12T02:22:44Z] [iter=3] HEARTBEAT target_type=call_site elapsed_min=49.9 files_done=16 resolved=724 errors=1198 current=pydantic-core/tests/validators/test_function.py
[2026-05-12T02:27:11Z] [iter=3] HEARTBEAT target_type=call_site elapsed_min=54.4 files_done=17 resolved=967 errors=1310 current=pydantic/v1/parse.py
[2026-05-12T02:27:54Z] [iter=3] HEARTBEAT target_type=call_site elapsed_min=55.1 files_done=19 resolved=978 errors=1328 current=tests/test_types_namedtuple.py
[2026-05-12T02:29:32Z] [iter=3] HEARTBEAT target_type=call_site elapsed_min=56.7 files_done=20 resolved=986 errors=1369 current=pydantic/_internal/_signature.py
[2026-05-12T02:30:14Z] [iter=3] HEARTBEAT target_type=call_site elapsed_min=57.4 files_done=21 resolved=997 errors=1387 current=pydantic-core/tests/validators/test_time.py
[2026-05-12T02:32:59Z] [iter=3] HEARTBEAT target_type=call_site elapsed_min=60.2 files_done=22 resolved=1052 errors=1456 current=pydantic/_internal/_config.py
[2026-05-12T02:35:29Z] [iter=3] HEARTBEAT target_type=call_site elapsed_min=62.7 files_done=23 resolved=1068 errors=1519 current=docs/plugins/algolia.py
[2026-05-12T02:37:16Z] [iter=3] HEARTBEAT target_type=call_site elapsed_min=64.4 files_done=24 resolved=1082 errors=1564 current=tests/test_create_model.py
[2026-05-12T02:39:50Z] [iter=3] HEARTBEAT target_type=call_site elapsed_min=67.0 files_done=25 resolved=1128 errors=1629 current=tests/test_utils.py
[2026-05-12T02:41:45Z] [iter=3] HEARTBEAT target_type=call_site elapsed_min=68.9 files_done=26 resolved=1190 errors=1677 current=tests/test_networks.py
[2026-05-12T02:49:26Z] [iter=3] HEARTBEAT target_type=call_site elapsed_min=76.6 files_done=27 resolved=1264 errors=1871 current=pydantic/v1/error_wrappers.py
[2026-05-12T02:50:16Z] [iter=3] HEARTBEAT target_type=call_site elapsed_min=77.4 files_done=28 resolved=1278 errors=1892 current=pydantic-core/tests/serializers/test_datetime.py
[2026-05-12T02:52:33Z] [iter=3] HEARTBEAT target_type=call_site elapsed_min=79.7 files_done=29 resolved=1328 errors=1950 current=tests/test_datetime.py
[2026-05-12T02:56:48Z] [iter=3] HEARTBEAT target_type=call_site elapsed_min=84.0 files_done=30 resolved=1345 errors=2057 current=pydantic-core/tests/validators/test_literal.py
[2026-05-12T02:59:00Z] [iter=3] HEARTBEAT target_type=call_site elapsed_min=86.2 files_done=31 resolved=1380 errors=2113 current=tests/mypy/outputs/mypy-plugin_ini/plugin_fail.py
[2026-05-12T03:01:04Z] [iter=3] HEARTBEAT target_type=call_site elapsed_min=88.2 files_done=32 resolved=1390 errors=2165 current=tests/test_type_adapter.py
[2026-05-12T03:09:08Z] [iter=3] HEARTBEAT target_type=call_site elapsed_min=96.3 files_done=33 resolved=1430 errors=2369 current=tests/mypy/modules/plugin_strict_fields.py
[2026-05-12T03:11:42Z] [iter=3] HEARTBEAT target_type=call_site elapsed_min=98.9 files_done=35 resolved=1522 errors=2433 current=pydantic/v1/datetime_parse.py
[2026-05-12T03:13:31Z] [iter=3] HEARTBEAT target_type=call_site elapsed_min=100.7 files_done=36 resolved=1551 errors=2479 current=tests/test_root_model.py
[2026-05-12T03:18:48Z] [iter=3] HEARTBEAT target_type=call_site elapsed_min=106.0 files_done=37 resolved=1581 errors=2613 current=tests/benchmarks/basemodel_eq_performance.py
[2026-05-12T03:20:43Z] [iter=3] HEARTBEAT target_type=call_site elapsed_min=107.9 files_done=38 resolved=1641 errors=2660 current=tests/test_model_signature.py
[2026-05-12T03:22:01Z] [iter=3] HEARTBEAT target_type=call_site elapsed_min=109.2 files_done=39 resolved=1713 errors=2693 current=pydantic/deprecated/json.py
[2026-05-12T03:23:27Z] [iter=3] HEARTBEAT target_type=call_site elapsed_min=110.6 files_done=41 resolved=1731 errors=2729 current=tests/test_color.py
[2026-05-12T03:27:01Z] [iter=3] HEARTBEAT target_type=call_site elapsed_min=114.2 files_done=42 resolved=1743 errors=2819 current=pydantic-core/tests/validators/arguments_v3/test_var_args.py
[2026-05-12T03:29:48Z] [iter=3] HEARTBEAT target_type=call_site elapsed_min=117.0 files_done=44 resolved=1901 errors=2889 current=tests/mypy/outputs/mypy-plugin-strict_ini/plugin_success.py
[2026-05-12T03:32:01Z] [iter=3] HEARTBEAT target_type=call_site elapsed_min=119.2 files_done=45 resolved=1921 errors=2945 current=tests/test_titles.py
[2026-05-12T03:35:42Z] [iter=3] HEARTBEAT target_type=call_site elapsed_min=122.9 files_done=46 resolved=1961 errors=3038 current=pydantic/v1/types.py
[2026-05-12T03:38:58Z] [iter=3] HEARTBEAT target_type=call_site elapsed_min=126.1 files_done=47 resolved=2025 errors=3121 current=pydantic/_internal/_validators.py
[2026-05-12T03:40:07Z] [iter=3] HEARTBEAT target_type=call_site elapsed_min=127.3 files_done=48 resolved=2130 errors=3150 current=pydantic/types.py
[2026-05-12T03:46:00Z] [iter=3] HEARTBEAT target_type=call_site elapsed_min=133.2 files_done=49 resolved=2298 errors=3298 current=pydantic/_internal/_mock_val_ser.py
[2026-05-12T03:47:30Z] [iter=3] HEARTBEAT target_type=call_site elapsed_min=134.7 files_done=50 resolved=2303 errors=3336 current=tests/mypy/outputs/mypy-plugin-strict_ini/plugin_fail.py
[2026-05-12T03:49:34Z] [iter=3] HEARTBEAT target_type=call_site elapsed_min=136.7 files_done=51 resolved=2313 errors=3388 current=pydantic-core/tests/validators/test_complex.py
[2026-05-12T03:52:01Z] [iter=3] HEARTBEAT target_type=call_site elapsed_min=139.2 files_done=52 resolved=2380 errors=3450 current=tests/test_validators_dataclass.py
[2026-05-12T03:53:10Z] [iter=3] HEARTBEAT target_type=call_site elapsed_min=140.3 files_done=53 resolved=2396 errors=3479 current=pydantic-core/tests/serializers/test_dict.py
[2026-05-12T03:54:35Z] [iter=3] HEARTBEAT target_type=call_site elapsed_min=141.8 files_done=54 resolved=2451 errors=3515 current=pydantic-core/tests/validators/test_json.py
[2026-05-12T03:55:45Z] [iter=3] HEARTBEAT target_type=call_site elapsed_min=142.9 files_done=55 resolved=2483 errors=3544 current=pydantic/v1/generics.py
[2026-05-12T03:57:51Z] [iter=3] HEARTBEAT target_type=call_site elapsed_min=145.0 files_done=56 resolved=2523 errors=3597 current=pydantic-core/tests/validators/test_chain.py
[2026-05-12T04:00:20Z] [iter=3] HEARTBEAT target_type=call_site elapsed_min=147.5 files_done=58 resolved=2564 errors=3660 current=pydantic-core/tests/serializers/test_format.py
[2026-05-12T04:01:46Z] [iter=3] HEARTBEAT target_type=call_site elapsed_min=148.9 files_done=59 resolved=2605 errors=3696 current=pydantic-core/tests/validators/test_enums.py
[2026-05-12T04:07:14Z] [iter=3] HEARTBEAT target_type=call_site elapsed_min=154.4 files_done=60 resolved=2706 errors=3834 current=tests/mypy/modules/metaclass_args.py
[2026-05-12T04:14:27Z] [iter=3] HEARTBEAT target_type=call_site elapsed_min=161.6 files_done=62 resolved=2831 errors=4017 current=pydantic-core/tests/test_typing.py
[2026-05-12T04:16:22Z] [iter=3] HEARTBEAT target_type=call_site elapsed_min=163.5 files_done=64 resolved=2896 errors=4065 current=pydantic-core/tests/validators/test_decimal.py
[2026-05-12T04:20:45Z] [iter=3] HEARTBEAT target_type=call_site elapsed_min=167.9 files_done=65 resolved=3097 errors=4176 current=pydantic-core/tests/validators/test_lax_or_strict.py
[2026-05-12T04:23:08Z] [iter=3] HEARTBEAT target_type=call_site elapsed_min=170.3 files_done=67 resolved=3138 errors=4236 current=tests/mypy/outputs/mypy-default_ini/plugin_success.py
[2026-05-12T04:25:21Z] [iter=3] HEARTBEAT target_type=call_site elapsed_min=172.5 files_done=68 resolved=3158 errors=4292 current=pydantic/v1/dataclasses.py
[2026-05-12T04:27:15Z] [iter=3] HEARTBEAT target_type=call_site elapsed_min=174.4 files_done=69 resolved=3216 errors=4340 current=pydantic-core/tests/validators/arguments_v3/test_positional_or_keyword.py
[2026-05-12T04:31:00Z] [iter=3] HEARTBEAT target_type=call_site elapsed_min=178.2 files_done=71 resolved=3330 errors=4435 current=pydantic/_internal/_known_annotated_metadata.py
[2026-05-12T04:31:57Z] [iter=3] HEARTBEAT target_type=call_site elapsed_min=179.1 files_done=72 resolved=3367 errors=4459 current=pydantic-core/tests/test_schema_functions.py
[2026-05-12T04:35:09Z] [iter=3] HEARTBEAT target_type=call_site elapsed_min=182.3 files_done=73 resolved=3407 errors=4540 current=tests/test_parse.py
[2026-05-12T04:37:01Z] [iter=3] HEARTBEAT target_type=call_site elapsed_min=184.2 files_done=74 resolved=3418 errors=4587 current=pydantic-core/tests/serializers/test_typed_dict.py
[2026-05-12T04:39:36Z] [iter=3] HEARTBEAT target_type=call_site elapsed_min=186.8 files_done=75 resolved=3548 errors=4652 current=tests/typechecking/decorators.py
[2026-05-12T04:42:12Z] [iter=3] HEARTBEAT target_type=call_site elapsed_min=189.4 files_done=76 resolved=3553 errors=4717 current=pydantic-core/tests/test_isinstance.py
[2026-05-12T04:43:00Z] [iter=3] HEARTBEAT target_type=call_site elapsed_min=190.2 files_done=77 resolved=3568 errors=4737 current=tests/test_plugin_loader.py
[2026-05-12T04:44:09Z] [iter=3] HEARTBEAT target_type=call_site elapsed_min=191.3 files_done=78 resolved=3589 errors=4766 current=pydantic/experimental/pipeline.py
[2026-05-12T04:47:59Z] [iter=3] HEARTBEAT target_type=call_site elapsed_min=195.2 files_done=79 resolved=3694 errors=4863 current=pydantic-core/tests/test_prebuilt.py
[2026-05-12T04:48:54Z] [iter=3] HEARTBEAT target_type=call_site elapsed_min=196.1 files_done=80 resolved=3797 errors=4886 current=pydantic-core/tests/validators/arguments_v3/test_positional_only.py
[2026-05-12T04:51:01Z] [iter=3] HEARTBEAT target_type=call_site elapsed_min=198.2 files_done=82 resolved=3823 errors=4939 current=pydantic-core/tests/serializers/test_serialize_as_any.py
[2026-05-12T04:52:58Z] [iter=3] HEARTBEAT target_type=call_site elapsed_min=200.1 files_done=83 resolved=3955 errors=4988 current=pydantic/_internal/_namespace_utils.py
[2026-05-12T04:53:43Z] [iter=3] HEARTBEAT target_type=call_site elapsed_min=200.9 files_done=84 resolved=3963 errors=5007 current=pydantic-core/tests/validators/test_dict.py
[2026-05-12T04:56:06Z] [iter=3] HEARTBEAT target_type=call_site elapsed_min=203.3 files_done=85 resolved=4051 errors=5067 current=pydantic-core/tests/conftest.py
[2026-05-12T04:56:37Z] [iter=3] HEARTBEAT target_type=call_site elapsed_min=203.8 files_done=86 resolved=4075 errors=5080 current=pydantic-core/tests/benchmarks/nested_schema.py
[2026-05-12T04:59:09Z] [iter=3] HEARTBEAT target_type=call_site elapsed_min=206.3 files_done=88 resolved=4142 errors=5144 current=pydantic-core/tests/validators/test_bytes.py
[2026-05-12T05:00:26Z] [iter=3] HEARTBEAT target_type=call_site elapsed_min=207.6 files_done=89 resolved=4160 errors=5176 current=pydantic-core/tests/validators/arguments_v3/test_var_kwargs_uniform.py
[2026-05-12T05:01:04Z] [iter=3] HEARTBEAT target_type=call_site elapsed_min=208.2 files_done=91 resolved=4182 errors=5192 current=tests/mypy/outputs/pyproject-plugin-strict_toml/plugin_success.py
[2026-05-12T05:03:18Z] [iter=3] HEARTBEAT target_type=call_site elapsed_min=210.5 files_done=92 resolved=4202 errors=5248 current=tests/test_types_payment_card_number.py
[2026-05-12T05:04:19Z] [iter=3] HEARTBEAT target_type=call_site elapsed_min=211.5 files_done=94 resolved=4235 errors=5274 current=tests/test_allow_partial.py
[2026-05-12T05:05:07Z] [iter=3] HEARTBEAT target_type=call_site elapsed_min=212.3 files_done=95 resolved=4242 errors=5294 current=pydantic-core/tests/validators/test_call.py
[2026-05-12T05:06:04Z] [iter=3] HEARTBEAT target_type=call_site elapsed_min=213.2 files_done=96 resolved=4291 errors=5318 current=pydantic-core/tests/serializers/test_other.py
[2026-05-12T05:06:37Z] [iter=3] HEARTBEAT target_type=call_site elapsed_min=213.8 files_done=97 resolved=4328 errors=5332 current=pydantic/validate_call_decorator.py
[2026-05-12T05:08:26Z] [iter=3] HEARTBEAT target_type=call_site elapsed_min=215.6 files_done=99 resolved=4365 errors=5378 current=tests/test_type_hints.py
[2026-05-12T05:10:49Z] [iter=3] HEARTBEAT target_type=call_site elapsed_min=218.0 files_done=101 resolved=4436 errors=5437 current=tests/test_types_self.py
[2026-05-12T05:12:10Z] [iter=3] HEARTBEAT target_type=call_site elapsed_min=219.3 files_done=102 resolved=4445 errors=5471 current=pydantic/v1/color.py
[2026-05-12T05:14:50Z] [iter=3] HEARTBEAT target_type=call_site elapsed_min=222.0 files_done=103 resolved=4479 errors=5538 current=pydantic-core/tests/serializers/test_url.py
[2026-05-12T05:16:08Z] [iter=3] HEARTBEAT target_type=call_site elapsed_min=223.3 files_done=104 resolved=4515 errors=5571 current=tests/mypy/outputs/pyproject-plugin_toml/plugin_fail.py
[2026-05-12T05:18:12Z] [iter=3] HEARTBEAT target_type=call_site elapsed_min=225.4 files_done=105 resolved=4525 errors=5623 current=pydantic/deprecated/config.py
[2026-05-12T05:20:54Z] [iter=3] HEARTBEAT target_type=call_site elapsed_min=228.1 files_done=107 resolved=4566 errors=5691 current=tests/test_callable.py
[2026-05-12T05:21:25Z] [iter=3] HEARTBEAT target_type=call_site elapsed_min=228.6 files_done=109 resolved=4599 errors=5704 current=tests/benchmarks/test_model_validation.py
[2026-05-12T05:22:07Z] [iter=3] HEARTBEAT target_type=call_site elapsed_min=229.3 files_done=111 resolved=4613 errors=5722 current=tests/benchmarks/test_fastapi_startup_generics.py
[2026-05-12T05:24:37Z] [iter=3] HEARTBEAT target_type=call_site elapsed_min=231.8 files_done=113 resolved=4648 errors=5785 current=pydantic-core/tests/validators/test_frozenset.py
[2026-05-12T05:26:42Z] [iter=3] HEARTBEAT target_type=call_site elapsed_min=233.9 files_done=114 resolved=4729 errors=5837 current=docs/plugins/using_update.py
[2026-05-12T05:28:19Z] [iter=3] HEARTBEAT target_type=call_site elapsed_min=235.5 files_done=116 resolved=4754 errors=5878 current=tests/mypy/outputs/mypy-default_ini/plugin_success_baseConfig.py
[2026-05-12T05:29:40Z] [iter=3] HEARTBEAT target_type=call_site elapsed_min=236.8 files_done=117 resolved=4771 errors=5912 current=tests/test_strict.py
[2026-05-12T05:30:30Z] [iter=3] HEARTBEAT target_type=call_site elapsed_min=237.7 files_done=118 resolved=4777 errors=5933 current=pydantic-core/tests/test_misc.py
[2026-05-12T05:31:05Z] [iter=3] HEARTBEAT target_type=call_site elapsed_min=238.3 files_done=119 resolved=4823 errors=5948 current=tests/types/test_dataclass.py
[2026-05-12T05:32:12Z] [iter=3] HEARTBEAT target_type=call_site elapsed_min=239.4 files_done=120 resolved=4823 errors=5976 current=pydantic-core/tests/validators/test_callable.py
[2026-05-12T05:32:55Z] [iter=3] CHECKPOINT TRIGGERED elapsed_min=240.1 files_completed=200 new_files_this_iter=121 mem_mb=1635 MB
[2026-05-12T05:32:55Z] [iter=3] Writing partial enrichment graph path=/home/runner/work/forx/forx/storage/aggregate/lsp/cf67d4b3193c3fe43ede18612ed62785eee11382.nq.gz triples=195566
[2026-05-12T05:32:59Z] [iter=3] Checkpoint written, exiting with code 7
[2026-05-12T05:32:59Z] [iter=3] PHASE END: enrich (checkpointed) elapsed_s=14405 elapsed_min=240.1 files_completed=200
