[2026-04-12T01:54:15Z] === ENRICH ITERATION 1 START | repo=pydantic/pydantic sha=ee8a3131 ===
[2026-04-12T01:54:15Z] [iter=1] PHASE START: enrich repo=pydantic/pydantic sha=ee8a3131 runlog=/home/runner/work/forx/forx/storage/aggregate/lsp/logs/ee8a3131-enrich-iter-001.log output=/home/runner/work/forx/forx/storage/aggregate/lsp/ee8a3131a4676504040664d9bb39e2fb3e8fe8ae.nq.gz
[2026-04-12T01:54:19Z] [iter=1] Step 1: Loading AST into disk-backed store mem_mb=78 MB
[2026-04-12T01:55:51Z] [iter=1] AST store loaded triples=8982895 load_secs=89 mem_mb=1046 MB
[2026-04-12T01:55:51Z] [iter=1] Step 2: Finding LSP targets mem_mb=1046 MB
[2026-04-12T01:56:06Z] [iter=1] LSP targets found call_sites=57105 imports=3741 extends=4144 implements=174 secs=15
[2026-04-12T01:56:19Z] [iter=1] Step 2.7: Building position index (one-shot, shared across resolvers) mem_mb=1046 MB
[2026-04-12T01:57:16Z] [iter=1] Position index built positions=610181 nodes_with_types=791393 secs=57 mem_mb=1619 MB
[2026-04-12T01:57:16Z] [iter=1] Step 3: Starting LSP resolution mem_mb=1619 MB already_completed_types=[] already_completed_files=0
[2026-04-12T01:57:16Z] [iter=1] Resolving target type target_type=call_site count=57105
[2026-04-12T01:57:17Z] [iter=1] HEARTBEAT target_type=call_site elapsed_min=3.0 files_done=0 resolved=0 errors=0 current=pydantic/v1/dataclasses.py
[2026-04-12T02:00:10Z] [iter=1] HEARTBEAT target_type=call_site elapsed_min=5.9 files_done=1 resolved=58 errors=48 current=pydantic-core/tests/serializers/test_model.py
[2026-04-12T02:15:32Z] [iter=1] HEARTBEAT target_type=call_site elapsed_min=21.3 files_done=2 resolved=405 errors=305 current=pydantic-core/tests/validators/arguments_v3/test_var_kwargs_unpacked_typed_dict.py
[2026-04-12T02:16:22Z] [iter=1] HEARTBEAT target_type=call_site elapsed_min=22.1 files_done=3 resolved=421 errors=319 current=tests/test_edge_cases.py
[2026-04-12T02:47:33Z] [iter=1] HEARTBEAT target_type=call_site elapsed_min=53.3 files_done=4 resolved=532 errors=839 current=pydantic-core/tests/validators/test_dataclasses.py
[2026-04-12T02:59:32Z] [iter=1] HEARTBEAT target_type=call_site elapsed_min=65.3 files_done=5 resolved=977 errors=1039 current=tests/mypy/outputs/pyproject-plugin_toml/plugin_fail.py
[2026-04-12T03:03:10Z] [iter=1] HEARTBEAT target_type=call_site elapsed_min=68.9 files_done=6 resolved=978 errors=1100 current=pydantic-core/tests/validators/test_with_default.py
[2026-04-12T03:10:25Z] [iter=1] HEARTBEAT target_type=call_site elapsed_min=76.2 files_done=7 resolved=1250 errors=1221 current=pydantic/_internal/_model_construction.py
[2026-04-12T03:16:40Z] [iter=1] HEARTBEAT target_type=call_site elapsed_min=82.4 files_done=8 resolved=1332 errors=1325 current=tests/mypy/outputs/mypy-default_ini/plugin_success.py
[2026-04-12T03:20:58Z] [iter=1] HEARTBEAT target_type=call_site elapsed_min=86.7 files_done=9 resolved=1336 errors=1397 current=pydantic-core/tests/validators/test_model_fields.py
[2026-04-12T03:39:08Z] [iter=1] HEARTBEAT target_type=call_site elapsed_min=104.9 files_done=10 resolved=1687 errors=1700 current=pydantic-core/tests/validators/test_function.py
[2026-04-12T03:45:50Z] [iter=1] HEARTBEAT target_type=call_site elapsed_min=111.6 files_done=11 resolved=1930 errors=1812 current=pydantic-core/tests/validators/test_union.py
[2026-04-12T03:57:07Z] [iter=1] HEARTBEAT target_type=call_site elapsed_min=122.9 files_done=12 resolved=2457 errors=2000 current=pydantic/v1/schema.py
[2026-04-12T04:06:45Z] [iter=1] HEARTBEAT target_type=call_site elapsed_min=132.5 files_done=13 resolved=2558 errors=2161 current=pydantic-core/tests/benchmarks/test_micro_benchmarks.py
[2026-04-12T04:17:27Z] [iter=1] HEARTBEAT target_type=call_site elapsed_min=143.2 files_done=14 resolved=3000 errors=2339 current=pydantic-core/tests/test_tzinfo.py
[2026-04-12T04:22:42Z] [iter=1] HEARTBEAT target_type=call_site elapsed_min=148.5 files_done=15 resolved=3056 errors=2427 current=tests/test_serialize.py
[2026-04-12T04:44:20Z] [iter=1] HEARTBEAT target_type=call_site elapsed_min=170.1 files_done=16 resolved=3088 errors=2789 current=pydantic/json_schema.py
[2026-04-12T05:06:45Z] [iter=1] HEARTBEAT target_type=call_site elapsed_min=192.5 files_done=17 resolved=3275 errors=3164 current=tests/mypy/modules/plugin_success.py
[2026-04-12T05:11:03Z] [iter=1] HEARTBEAT target_type=call_site elapsed_min=196.8 files_done=18 resolved=3279 errors=3236 current=tests/test_types.py
[2026-04-12T05:54:20Z] [iter=1] CHECKPOINT TRIGGERED elapsed_min=240.1 files_completed=18 new_files_this_iter=18 mem_mb=1678 MB
[2026-04-12T05:54:20Z] [iter=1] Writing partial enrichment graph path=/home/runner/work/forx/forx/storage/aggregate/lsp/ee8a3131a4676504040664d9bb39e2fb3e8fe8ae.nq.gz triples=72426
[2026-04-12T05:54:22Z] [iter=1] Checkpoint written, exiting with code 7
[2026-04-12T05:54:22Z] [iter=1] PHASE END: enrich (checkpointed) elapsed_s=14406 elapsed_min=240.1 files_completed=18
