[2026-04-12T18:18:12Z] === ENRICH ITERATION 5 START | repo=pydantic/pydantic sha=ee8a3131 ===
[2026-04-12T18:18:12Z] [iter=5] PHASE START: enrich repo=pydantic/pydantic sha=ee8a3131 runlog=/home/runner/work/forx/forx/storage/aggregate/lsp/logs/ee8a3131-enrich-iter-005.log output=/home/runner/work/forx/forx/storage/aggregate/lsp/ee8a3131a4676504040664d9bb39e2fb3e8fe8ae.nq.gz
[2026-04-12T18:18:16Z] [iter=5] Step 1: Loading AST into disk-backed store mem_mb=79 MB
[2026-04-12T18:19:48Z] [iter=5] AST store loaded triples=8982895 load_secs=88 mem_mb=1036 MB
[2026-04-12T18:19:48Z] [iter=5] Step 2: Finding LSP targets mem_mb=1036 MB
[2026-04-12T18:20:02Z] [iter=5] LSP targets found call_sites=57105 imports=3741 extends=4144 implements=174 secs=14
[2026-04-12T18:20:11Z] [iter=5] Loaded checkpoint partial graph triples=200679
[2026-04-12T18:20:23Z] [iter=5] Step 2.7: Building position index (one-shot, shared across resolvers) mem_mb=1036 MB
[2026-04-12T18:21:16Z] [iter=5] Position index built positions=610181 nodes_with_types=791393 secs=53 mem_mb=1870 MB
[2026-04-12T18:21:16Z] [iter=5] Step 3: Starting LSP resolution mem_mb=1870 MB already_completed_types=[] already_completed_files=137
[2026-04-12T18:21:16Z] [iter=5] Resolving target type target_type=call_site count=57105
[2026-04-12T18:21:17Z] [iter=5] HEARTBEAT target_type=call_site elapsed_min=3.1 files_done=0 resolved=0 errors=0 current=tests/test_discriminated_union.py
[2026-04-12T18:40:30Z] [iter=5] HEARTBEAT target_type=call_site elapsed_min=22.3 files_done=1 resolved=128 errors=394 current=pydantic/_internal/_docs_extraction.py
[2026-04-12T18:47:02Z] [iter=5] HEARTBEAT target_type=call_site elapsed_min=28.8 files_done=3 resolved=262 errors=528 current=pydantic/deprecated/tools.py
[2026-04-12T18:50:39Z] [iter=5] HEARTBEAT target_type=call_site elapsed_min=32.4 files_done=5 resolved=297 errors=602 current=pydantic-core/tests/validators/arguments_v3/test_positional_only.py
[2026-04-12T18:51:14Z] [iter=5] HEARTBEAT target_type=call_site elapsed_min=33.0 files_done=6 resolved=313 errors=614 current=pydantic/validate_call_decorator.py
[2026-04-12T18:51:49Z] [iter=5] HEARTBEAT target_type=call_site elapsed_min=33.6 files_done=7 resolved=326 errors=626 current=tests/test_deferred_annotations.py
[2026-04-12T18:52:42Z] [iter=5] HEARTBEAT target_type=call_site elapsed_min=34.5 files_done=8 resolved=329 errors=644 current=tests/test_construction.py
[2026-04-12T19:00:16Z] [iter=5] HEARTBEAT target_type=call_site elapsed_min=42.1 files_done=9 resolved=368 errors=799 current=pydantic-core/tests/test_json.py
[2026-04-12T19:03:18Z] [iter=5] HEARTBEAT target_type=call_site elapsed_min=45.1 files_done=10 resolved=513 errors=861 current=pydantic-core/tests/serializers/test_literal.py
[2026-04-12T19:04:49Z] [iter=5] HEARTBEAT target_type=call_site elapsed_min=46.6 files_done=11 resolved=542 errors=892 current=tests/mypy/outputs/mypy-default_ini/plugin_success_baseConfig.py
[2026-04-12T19:06:58Z] [iter=5] HEARTBEAT target_type=call_site elapsed_min=48.8 files_done=12 resolved=549 errors=936 current=pydantic/v1/_hypothesis_plugin.py
[2026-04-12T19:07:57Z] [iter=5] HEARTBEAT target_type=call_site elapsed_min=49.7 files_done=13 resolved=576 errors=956 current=pydantic-core/tests/serializers/test_definitions.py
[2026-04-12T19:10:32Z] [iter=5] HEARTBEAT target_type=call_site elapsed_min=52.3 files_done=15 resolved=635 errors=1009 current=tests/test_typing.py
[2026-04-12T19:11:15Z] [iter=5] HEARTBEAT target_type=call_site elapsed_min=53.0 files_done=16 resolved=647 errors=1024 current=tests/mypy/outputs/pyproject-plugin-strict_toml/plugin_success.py
[2026-04-12T19:14:46Z] [iter=5] HEARTBEAT target_type=call_site elapsed_min=56.6 files_done=17 resolved=651 errors=1096 current=tests/test_serialize_as_any.py
[2026-04-12T19:17:21Z] [iter=5] HEARTBEAT target_type=call_site elapsed_min=59.1 files_done=18 resolved=664 errors=1149 current=pydantic-core/tests/test_errors.py
[2026-04-12T19:22:29Z] [iter=5] HEARTBEAT target_type=call_site elapsed_min=64.3 files_done=19 resolved=892 errors=1254 current=tests/test_model_signature.py
[2026-04-12T19:24:38Z] [iter=5] HEARTBEAT target_type=call_site elapsed_min=66.4 files_done=20 resolved=953 errors=1298 current=tests/mypy/outputs/mypy-plugin-strict_ini/plugin_fail_baseConfig.py
[2026-04-12T19:27:03Z] [iter=5] HEARTBEAT target_type=call_site elapsed_min=68.8 files_done=21 resolved=954 errors=1348 current=pydantic-core/tests/validators/test_definitions.py
[2026-04-12T19:27:53Z] [iter=5] HEARTBEAT target_type=call_site elapsed_min=69.7 files_done=22 resolved=1019 errors=1365 current=pydantic/_internal/_core_utils.py
[2026-04-12T19:28:29Z] [iter=5] HEARTBEAT target_type=call_site elapsed_min=70.3 files_done=23 resolved=1040 errors=1377 current=pydantic-core/tests/serializers/test_url.py
[2026-04-12T19:30:05Z] [iter=5] HEARTBEAT target_type=call_site elapsed_min=71.9 files_done=24 resolved=1076 errors=1410 current=pydantic-core/tests/serializers/test_definitions_recursive.py
[2026-04-12T19:32:57Z] [iter=5] HEARTBEAT target_type=call_site elapsed_min=74.7 files_done=26 resolved=1179 errors=1469 current=tests/benchmarks/test_fastapi_startup_simple.py
[2026-04-12T19:34:16Z] [iter=5] HEARTBEAT target_type=call_site elapsed_min=76.1 files_done=28 resolved=1189 errors=1496 current=docs/plugins/algolia.py
[2026-04-12T19:36:27Z] [iter=5] HEARTBEAT target_type=call_site elapsed_min=78.2 files_done=29 resolved=1203 errors=1541 current=pydantic/v1/types.py
[2026-04-12T19:40:30Z] [iter=5] HEARTBEAT target_type=call_site elapsed_min=82.3 files_done=30 resolved=1267 errors=1624 current=tests/benchmarks/test_model_validation.py
[2026-04-12T19:41:05Z] [iter=5] HEARTBEAT target_type=call_site elapsed_min=82.9 files_done=31 resolved=1269 errors=1636 current=pydantic-core/tests/validators/test_chain.py
[2026-04-12T19:41:37Z] [iter=5] HEARTBEAT target_type=call_site elapsed_min=83.4 files_done=32 resolved=1300 errors=1647 current=tests/test_fields.py
[2026-04-12T19:44:50Z] [iter=5] HEARTBEAT target_type=call_site elapsed_min=86.6 files_done=33 resolved=1323 errors=1713 current=tests/test_color.py
[2026-04-12T19:49:12Z] [iter=5] HEARTBEAT target_type=call_site elapsed_min=91.0 files_done=34 resolved=1335 errors=1803 current=pydantic-core/tests/serializers/test_generator.py
[2026-04-12T19:52:14Z] [iter=5] HEARTBEAT target_type=call_site elapsed_min=94.0 files_done=35 resolved=1386 errors=1865 current=pydantic/_internal/_typing_extra.py
[2026-04-12T19:54:26Z] [iter=5] HEARTBEAT target_type=call_site elapsed_min=96.2 files_done=36 resolved=1458 errors=1910 current=docs/plugins/main.py
[2026-04-12T19:56:51Z] [iter=5] HEARTBEAT target_type=call_site elapsed_min=98.7 files_done=37 resolved=1520 errors=1959 current=pydantic-core/tests/validators/test_bool.py
[2026-04-12T19:58:04Z] [iter=5] HEARTBEAT target_type=call_site elapsed_min=99.9 files_done=38 resolved=1533 errors=1984 current=pydantic/v1/networks.py
[2026-04-12T20:01:55Z] [iter=5] HEARTBEAT target_type=call_site elapsed_min=103.7 files_done=39 resolved=1569 errors=2063 current=tests/test_internal.py
[2026-04-12T20:02:57Z] [iter=5] HEARTBEAT target_type=call_site elapsed_min=104.7 files_done=40 resolved=1588 errors=2084 current=pydantic-core/tests/test_validate_strings.py
[2026-04-12T20:03:49Z] [iter=5] HEARTBEAT target_type=call_site elapsed_min=105.6 files_done=41 resolved=1636 errors=2102 current=tests/test_computed_fields.py
[2026-04-12T20:10:58Z] [iter=5] HEARTBEAT target_type=call_site elapsed_min=112.8 files_done=42 resolved=1655 errors=2249 current=pydantic-core/tests/test_custom_errors.py
[2026-04-12T20:13:42Z] [iter=5] HEARTBEAT target_type=call_site elapsed_min=115.5 files_done=44 resolved=1731 errors=2305 current=pydantic-core/tests/validators/test_is_instance.py
[2026-04-12T20:15:50Z] [iter=5] HEARTBEAT target_type=call_site elapsed_min=117.6 files_done=45 resolved=1768 errors=2349 current=tests/mypy/modules/pydantic_settings.py
[2026-04-12T20:23:23Z] [iter=5] HEARTBEAT target_type=call_site elapsed_min=125.2 files_done=47 resolved=1808 errors=2504 current=pydantic-core/tests/test_validation_context.py
[2026-04-12T20:24:33Z] [iter=5] HEARTBEAT target_type=call_site elapsed_min=126.3 files_done=48 resolved=1828 errors=2528 current=tests/test_create_model.py
[2026-04-12T20:29:34Z] [iter=5] HEARTBEAT target_type=call_site elapsed_min=131.4 files_done=49 resolved=1836 errors=2631 current=pydantic-core/tests/validators/arguments_v3/test_extra.py
[2026-04-12T20:32:14Z] [iter=5] HEARTBEAT target_type=call_site elapsed_min=134.0 files_done=51 resolved=1970 errors=2686 current=tests/mypy/outputs/mypy-plugin-strict_ini/plugin_fail.py
[2026-04-12T20:35:12Z] [iter=5] HEARTBEAT target_type=call_site elapsed_min=137.0 files_done=52 resolved=1971 errors=2747 current=pydantic/v1/config.py
[2026-04-12T20:37:00Z] [iter=5] HEARTBEAT target_type=call_site elapsed_min=138.8 files_done=54 resolved=2005 errors=2784 current=pydantic-core/tests/validators/test_model_root.py
[2026-04-12T20:38:13Z] [iter=5] HEARTBEAT target_type=call_site elapsed_min=140.0 files_done=55 resolved=2054 errors=2809 current=pydantic/deprecated/parse.py
[2026-04-12T20:42:49Z] [iter=5] HEARTBEAT target_type=call_site elapsed_min=144.6 files_done=57 resolved=2160 errors=2903 current=pydantic-core/tests/serializers/test_decimal.py
[2026-04-12T20:43:32Z] [iter=5] HEARTBEAT target_type=call_site elapsed_min=145.3 files_done=58 resolved=2190 errors=2918 current=tests/mypy/modules/plugin_fail_baseConfig.py
[2026-04-12T20:45:58Z] [iter=5] HEARTBEAT target_type=call_site elapsed_min=147.8 files_done=59 resolved=2191 errors=2968 current=tests/test_exports.py
[2026-04-12T20:46:33Z] [iter=5] HEARTBEAT target_type=call_site elapsed_min=148.4 files_done=60 resolved=2214 errors=2980 current=pydantic/dataclasses.py
[2026-04-12T20:47:29Z] [iter=5] HEARTBEAT target_type=call_site elapsed_min=149.3 files_done=61 resolved=2254 errors=2999 current=tests/test_networks_ipaddress.py
[2026-04-12T20:49:52Z] [iter=5] HEARTBEAT target_type=call_site elapsed_min=151.7 files_done=62 resolved=2286 errors=3048 current=pydantic/v1/tools.py
[2026-04-12T20:50:30Z] [iter=5] HEARTBEAT target_type=call_site elapsed_min=152.3 files_done=63 resolved=2289 errors=3061 current=pydantic-core/tests/benchmarks/test_complete_benchmark.py
[2026-04-12T20:52:45Z] [iter=5] HEARTBEAT target_type=call_site elapsed_min=154.5 files_done=64 resolved=2330 errors=3107 current=tests/mypy/outputs/mypy-plugin_ini/plugin_strict_fields.py
[2026-04-12T20:53:22Z] [iter=5] HEARTBEAT target_type=call_site elapsed_min=155.2 files_done=65 resolved=2330 errors=3120 current=pydantic-core/tests/validators/test_string.py
[2026-04-12T20:56:39Z] [iter=5] HEARTBEAT target_type=call_site elapsed_min=158.4 files_done=66 resolved=2431 errors=3187 current=pydantic-core/tests/validators/test_date.py
[2026-04-12T21:00:23Z] [iter=5] HEARTBEAT target_type=call_site elapsed_min=162.2 files_done=67 resolved=2484 errors=3264 current=pydantic-core/tests/test_misc.py
[2026-04-12T21:01:07Z] [iter=5] HEARTBEAT target_type=call_site elapsed_min=162.9 files_done=68 resolved=2530 errors=3279 current=tests/test_docs_extraction.py
[2026-04-12T21:03:07Z] [iter=5] HEARTBEAT target_type=call_site elapsed_min=164.9 files_done=69 resolved=2535 errors=3320 current=pydantic-core/python/pydantic_core/core_schema.py
[2026-04-12T21:07:18Z] [iter=5] HEARTBEAT target_type=call_site elapsed_min=169.1 files_done=70 resolved=2562 errors=3406 current=tests/test_types_self.py
[2026-04-12T21:09:00Z] [iter=5] HEARTBEAT target_type=call_site elapsed_min=170.8 files_done=71 resolved=2570 errors=3441 current=pydantic-core/tests/serializers/test_typed_dict.py
[2026-04-12T21:12:09Z] [iter=5] HEARTBEAT target_type=call_site elapsed_min=173.9 files_done=72 resolved=2700 errors=3506 current=pydantic/root_model.py
[2026-04-12T21:12:42Z] [iter=5] HEARTBEAT target_type=call_site elapsed_min=174.5 files_done=73 resolved=2717 errors=3517 current=tests/benchmarks/test_model_schema_generation.py
[2026-04-12T21:15:28Z] [iter=5] HEARTBEAT target_type=call_site elapsed_min=177.3 files_done=74 resolved=2727 errors=3574 current=tests/typechecking/decorators.py
[2026-04-12T21:18:37Z] [iter=5] HEARTBEAT target_type=call_site elapsed_min=180.4 files_done=75 resolved=2732 errors=3639 current=pydantic/aliases.py
[2026-04-12T21:19:15Z] [iter=5] HEARTBEAT target_type=call_site elapsed_min=181.0 files_done=77 resolved=2746 errors=3652 current=tests/test_titles.py
[2026-04-12T21:25:13Z] [iter=5] HEARTBEAT target_type=call_site elapsed_min=187.0 files_done=78 resolved=2756 errors=3775 current=pydantic-core/tests/test_prebuilt.py
[2026-04-12T21:26:20Z] [iter=5] HEARTBEAT target_type=call_site elapsed_min=188.1 files_done=79 resolved=2859 errors=3798 current=pydantic-core/tests/serializers/test_uuid.py
[2026-04-12T21:26:58Z] [iter=5] HEARTBEAT target_type=call_site elapsed_min=188.8 files_done=80 resolved=2886 errors=3811 current=release/push.py
[2026-04-12T21:28:06Z] [iter=5] HEARTBEAT target_type=call_site elapsed_min=189.9 files_done=81 resolved=2907 errors=3834 current=pydantic-core/tests/serializers/test_enum.py
[2026-04-12T21:29:33Z] [iter=5] HEARTBEAT target_type=call_site elapsed_min=191.3 files_done=82 resolved=2926 errors=3864 current=pydantic/_internal/_dataclasses.py
[2026-04-12T21:30:28Z] [iter=5] HEARTBEAT target_type=call_site elapsed_min=192.3 files_done=83 resolved=2937 errors=3883 current=tests/test_experimental_arguments_schema.py
[2026-04-12T21:31:41Z] [iter=5] HEARTBEAT target_type=call_site elapsed_min=193.5 files_done=84 resolved=2949 errors=3908 current=pydantic-core/tests/conftest.py
[2026-04-12T21:32:19Z] [iter=5] HEARTBEAT target_type=call_site elapsed_min=194.1 files_done=85 resolved=2973 errors=3921 current=tests/mypy/outputs/pyproject-default_toml/root_models.py
[2026-04-12T21:33:30Z] [iter=5] HEARTBEAT target_type=call_site elapsed_min=195.3 files_done=87 resolved=3018 errors=3945 current=tests/test_meta.py
[2026-04-12T21:35:29Z] [iter=5] HEARTBEAT target_type=call_site elapsed_min=197.3 files_done=89 resolved=3023 errors=3986 current=tests/mypy/outputs/pyproject-plugin-strict_toml/plugin_success_baseConfig.py
[2026-04-12T21:37:37Z] [iter=5] HEARTBEAT target_type=call_site elapsed_min=199.4 files_done=90 resolved=3030 errors=4030 current=tests/mypy/outputs/pyproject-plugin-strict_toml/plugin_fail.py
[2026-04-12T21:40:35Z] [iter=5] HEARTBEAT target_type=call_site elapsed_min=202.4 files_done=91 resolved=3031 errors=4091 current=pydantic/v1/generics.py
[2026-04-12T21:43:10Z] [iter=5] HEARTBEAT target_type=call_site elapsed_min=205.0 files_done=92 resolved=3071 errors=4144 current=tests/mypy/test_mypy.py
[2026-04-12T21:44:32Z] [iter=5] HEARTBEAT target_type=call_site elapsed_min=206.3 files_done=93 resolved=3096 errors=4172 current=pydantic/_internal/_known_annotated_metadata.py
[2026-04-12T21:45:43Z] [iter=5] HEARTBEAT target_type=call_site elapsed_min=207.5 files_done=94 resolved=3133 errors=4196 current=tests/types/test_union.py
[2026-04-12T21:47:01Z] [iter=5] HEARTBEAT target_type=call_site elapsed_min=208.8 files_done=95 resolved=3135 errors=4223 current=tests/mypy/outputs/mypy-default_ini/root_models.py
[2026-04-12T21:48:00Z] [iter=5] HEARTBEAT target_type=call_site elapsed_min=209.8 files_done=97 resolved=3141 errors=4243 current=pydantic/v1/class_validators.py
[2026-04-12T21:50:43Z] [iter=5] HEARTBEAT target_type=call_site elapsed_min=212.5 files_done=98 resolved=3182 errors=4299 current=tests/benchmarks/test_discriminated_unions.py
[2026-04-12T21:52:22Z] [iter=5] HEARTBEAT target_type=call_site elapsed_min=214.2 files_done=100 resolved=3183 errors=4333 current=tests/types/test_model.py
[2026-04-12T21:53:44Z] [iter=5] HEARTBEAT target_type=call_site elapsed_min=215.5 files_done=101 resolved=3183 errors=4361 current=pydantic-core/tests/validators/test_is_subclass.py
[2026-04-12T21:54:27Z] [iter=5] HEARTBEAT target_type=call_site elapsed_min=216.2 files_done=102 resolved=3195 errors=4376 current=pydantic-core/tests/serializers/test_set_frozenset.py
[2026-04-12T21:55:08Z] [iter=5] HEARTBEAT target_type=call_site elapsed_min=216.9 files_done=104 resolved=3212 errors=4390 current=tests/benchmarks/basemodel_eq_performance.py
[2026-04-12T21:57:28Z] [iter=5] HEARTBEAT target_type=call_site elapsed_min=219.3 files_done=105 resolved=3272 errors=4437 current=pydantic/_internal/_decorators_v1.py
[2026-04-12T21:58:15Z] [iter=5] HEARTBEAT target_type=call_site elapsed_min=220.0 files_done=106 resolved=3279 errors=4453 current=pydantic-core/tests/validators/arguments_v3/test_build_errors.py
[2026-04-12T22:00:00Z] [iter=5] HEARTBEAT target_type=call_site elapsed_min=221.8 files_done=108 resolved=3359 errors=4489 current=pydantic/deprecated/copy_internals.py
[2026-04-12T22:02:11Z] [iter=5] HEARTBEAT target_type=call_site elapsed_min=224.0 files_done=109 resolved=3374 errors=4534 current=pydantic-core/tests/validators/arguments_v3/test_positional_or_keyword.py
[2026-04-12T22:05:32Z] [iter=5] HEARTBEAT target_type=call_site elapsed_min=227.3 files_done=111 resolved=3394 errors=4603 current=tests/mypy/outputs/mypy-plugin_ini/plugin_fail_baseConfig.py
[2026-04-12T22:07:58Z] [iter=5] HEARTBEAT target_type=call_site elapsed_min=229.8 files_done=112 resolved=3395 errors=4653 current=pydantic/deprecated/class_validators.py
[2026-04-12T22:08:38Z] [iter=5] HEARTBEAT target_type=call_site elapsed_min=230.4 files_done=113 resolved=3408 errors=4667 current=tests/benchmarks/test_fastapi_startup_generics.py
[2026-04-12T22:09:22Z] [iter=5] HEARTBEAT target_type=call_site elapsed_min=231.2 files_done=114 resolved=3429 errors=4682 current=pydantic-core/tests/validators/test_tagged_union.py
[2026-04-12T22:12:15Z] [iter=5] HEARTBEAT target_type=call_site elapsed_min=234.0 files_done=115 resolved=3513 errors=4741 current=pydantic-core/tests/validators/arguments_v3/test_keyword_only.py
[2026-04-12T22:13:02Z] [iter=5] HEARTBEAT target_type=call_site elapsed_min=234.8 files_done=117 resolved=3542 errors=4757 current=tests/mypy/outputs/mypy-plugin-strict_ini/fail_defaults.py
[2026-04-12T22:14:06Z] [iter=5] HEARTBEAT target_type=call_site elapsed_min=235.9 files_done=119 resolved=3546 errors=4779 current=pydantic-core/tests/serializers/test_string.py
[2026-04-12T22:15:53Z] [iter=5] HEARTBEAT target_type=call_site elapsed_min=237.7 files_done=120 resolved=3566 errors=4816 current=pydantic-core/tests/test_isinstance.py
[2026-04-12T22:16:52Z] [iter=5] HEARTBEAT target_type=call_site elapsed_min=238.7 files_done=121 resolved=3581 errors=4836 current=tests/mypy/modules/config_conditional_extra.py
[2026-04-12T22:17:53Z] [iter=5] HEARTBEAT target_type=call_site elapsed_min=239.7 files_done=123 resolved=3589 errors=4857 current=pydantic-core/tests/benchmarks/test_nested_benchmark.py
[2026-04-12T22:18:17Z] [iter=5] CHECKPOINT TRIGGERED elapsed_min=240.1 files_completed=261 new_files_this_iter=124 mem_mb=1940 MB
[2026-04-12T22:18:17Z] [iter=5] Writing partial enrichment graph path=/home/runner/work/forx/forx/storage/aggregate/lsp/ee8a3131a4676504040664d9bb39e2fb3e8fe8ae.nq.gz triples=251168
[2026-04-12T22:18:22Z] [iter=5] Checkpoint written, exiting with code 7
[2026-04-12T22:18:22Z] [iter=5] PHASE END: enrich (checkpointed) elapsed_s=14404 elapsed_min=240.1 files_completed=261
